<?xml version="1.0" encoding="UTF-8"?>
<!-- Generated by org.testng.reporters.JUnitReportReporter -->
<testsuite hostname="DESKTOP-J1M6GQS" failures="0" tests="2" name="studyOfTestNG.MyTest" time="0.016" errors="0" timestamp="2022-11-12T17:33:15 IST" skipped="0">
  <testcase classname="studyOfTestNG.MyTest" name="B" time="0.001"/>
  <system-out>
    <![CDATA[B method running using--:log
B method running using--:log true]]>
  </system-out>
  <testcase classname="studyOfTestNG.MyTest" name="A" time="0.015"/>
  <system-out>
    <![CDATA[A method running using--:log
A method running using--:log true]]>
  </system-out>
</testsuite> <!-- studyOfTestNG.MyTest -->
