<?xml version="1.0" encoding="UTF-8"?>
<!-- Generated by org.testng.reporters.JUnitReportReporter -->
<testsuite hostname="DESKTOP-J1M6GQS" failures="0" tests="2" name="studyOfTestNG.MyTestNG" time="40.109" errors="0" timestamp="2022-11-12T17:40:16 IST" skipped="0">
  <testcase classname="studyOfTestNG.MyTestNG" name="googleTest" time="33.494"/>
  <system-out/>
  <testcase classname="studyOfTestNG.MyTestNG" name="facebookTest" time="6.615"/>
  <system-out/>
</testsuite> <!-- studyOfTestNG.MyTestNG -->
