<?xml version="1.0" encoding="UTF-8"?>
<!-- Generated by org.testng.reporters.JUnitReportReporter -->
<testsuite hostname="DESKTOP-J1M6GQS" failures="0" tests="1" name="studyOfTestNG.UpstoxApplicationTest" time="0.009" errors="0" timestamp="2022-11-12T17:35:06 IST" skipped="0">
  <testcase classname="studyOfTestNG.UpstoxApplicationTest" name="validateUserName" time="0.009"/>
  <system-out>
    <![CDATA[User name is validate]]>
  </system-out>
</testsuite> <!-- studyOfTestNG.UpstoxApplicationTest -->
