<?xml version="1.0" encoding="UTF-8"?>
<!-- Generated by org.testng.reporters.JUnitReportReporter -->
<testsuite hostname="DESKTOP-J1M6GQS" failures="0" tests="2" name="studyOfTestNG.AnnotationStudy" time="0.015" errors="0" timestamp="2022-11-12T17:45:37 IST" skipped="0">
  <testcase classname="studyOfTestNG.AnnotationStudy" name="myTest2" time="0.003"/>
  <system-out>
    <![CDATA[myTest2 test method is running]]>
  </system-out>
  <testcase classname="studyOfTestNG.AnnotationStudy" name="myTest1" time="0.012"/>
  <system-out>
    <![CDATA[myTest1 test method is running]]>
  </system-out>
</testsuite> <!-- studyOfTestNG.AnnotationStudy -->
