<?xml version="1.0" encoding="UTF-8"?>
<!-- Generated by org.testng.reporters.JUnitReportReporter -->
<testsuite hostname="DESKTOP-J1M6GQS" failures="0" tests="5" name="testNGkeywords.Testing" time="0.029" errors="0" timestamp="2022-11-15T12:22:31 IST" skipped="0">
  <testcase classname="testNGkeywords.Testing" name="A" time="0.016"/>
  <system-out>
    <![CDATA[A TC is running ]]>
  </system-out>
  <testcase classname="testNGkeywords.Testing" name="A" time="0.003"/>
  <system-out>
    <![CDATA[A TC is running ]]>
  </system-out>
  <testcase classname="testNGkeywords.Testing" name="A" time="0.001"/>
  <system-out>
    <![CDATA[A TC is running ]]>
  </system-out>
  <testcase classname="testNGkeywords.Testing" name="A" time="0.002"/>
  <system-out>
    <![CDATA[A TC is running ]]>
  </system-out>
  <testcase classname="testNGkeywords.Testing" name="A" time="0.007"/>
  <system-out>
    <![CDATA[A TC is running ]]>
  </system-out>
</testsuite> <!-- testNGkeywords.Testing -->
